  main.cpp
  Animation.cpp
  Camera.cpp
  Debug.cpp
  Sandbox.cpp
  Serialization.cpp
  Editor.cpp
  Renderer.cpp
  World.cpp
  AssetLoader.cpp
  Input.cpp
  CosmicGeometry.cpp
  CosmicMath.cpp
  CosmicNoise.cpp
  EditableMesh.cpp
  OpenGL.cpp
  Tutorials.cpp
  Utility.cpp
  imgui.cpp
LINK : warning LNK4098: defaultlib 'LIBCMT' conflicts with use of other libs; use /NODEFAULTLIB:library
  Generating code
  All 4997 functions were compiled because no usable IPDB/IOBJ from previous compilation was found.
  Finished generating code
glew32s.lib(glew.obj) : warning LNK4099: PDB 'vc120.pdb' was not found with 'glew32s.lib(glew.obj)' or at 'F:\Renderer-OpenGL\x64\Release\vc120.pdb'; linking object as if no debug info
  Renderer-OpenGL.vcxproj -> F:\Renderer-OpenGL\x64\Release\Renderer-OpenGL.exe
