f:\renderer-opengl\renderer-opengl\x64\debug\vc141.pdb
f:\renderer-opengl\renderer-opengl\x64\debug\vc141.idb
f:\renderer-opengl\renderer-opengl\x64\debug\openglrenderer.obj
f:\renderer-opengl\renderer-opengl\x64\debug\gpucompute.obj
f:\renderer-opengl\renderer-opengl\x64\debug\opengl.obj
f:\renderer-opengl\renderer-opengl\x64\debug\bufferlayout.obj
f:\renderer-opengl\renderer-opengl\x64\debug\mesh.obj
f:\renderer-opengl\renderer-opengl\x64\debug\cosmicphysics.obj
f:\renderer-opengl\renderer-opengl\x64\debug\cosmicnoise.obj
f:\renderer-opengl\renderer-opengl\x64\debug\cosmicmath.obj
f:\renderer-opengl\renderer-opengl\x64\debug\input.obj
f:\renderer-opengl\renderer-opengl\x64\debug\renderer.obj
f:\renderer-opengl\renderer-opengl\x64\debug\assetloader.obj
f:\renderer-opengl\renderer-opengl\x64\debug\main.obj
f:\renderer-opengl\x64\debug\renderer-opengl.pdb
f:\renderer-opengl\renderer-opengl\x64\debug\renderer-opengl.tlog\cl.command.1.tlog
f:\renderer-opengl\renderer-opengl\x64\debug\renderer-opengl.tlog\cl.read.1.tlog
f:\renderer-opengl\renderer-opengl\x64\debug\renderer-opengl.tlog\cl.write.1.tlog
f:\renderer-opengl\renderer-opengl\x64\debug\renderer-opengl.tlog\link-cvtres.read.1.tlog
f:\renderer-opengl\renderer-opengl\x64\debug\renderer-opengl.tlog\link-cvtres.write.1.tlog
f:\renderer-opengl\renderer-opengl\x64\debug\renderer-opengl.tlog\link-rc.read.1.tlog
f:\renderer-opengl\renderer-opengl\x64\debug\renderer-opengl.tlog\link-rc.write.1.tlog
f:\renderer-opengl\renderer-opengl\x64\debug\renderer-opengl.tlog\link.1428-cvtres.read.1.tlog
f:\renderer-opengl\renderer-opengl\x64\debug\renderer-opengl.tlog\link.1428-cvtres.write.1.tlog
f:\renderer-opengl\renderer-opengl\x64\debug\renderer-opengl.tlog\link.1428-rc.read.1.tlog
f:\renderer-opengl\renderer-opengl\x64\debug\renderer-opengl.tlog\link.1428-rc.write.1.tlog
f:\renderer-opengl\renderer-opengl\x64\debug\renderer-opengl.tlog\link.1428.read.1.tlog
f:\renderer-opengl\renderer-opengl\x64\debug\renderer-opengl.tlog\link.1428.write.1.tlog
f:\renderer-opengl\renderer-opengl\x64\debug\renderer-opengl.tlog\link.command.1.tlog
f:\renderer-opengl\renderer-opengl\x64\debug\renderer-opengl.tlog\link.read.1.tlog
f:\renderer-opengl\renderer-opengl\x64\debug\renderer-opengl.tlog\link.write.1.tlog
